<?xml version="1.0" encoding="utf-8"?><testsuites name="pytest tests"><testsuite name="pytest" errors="0" failures="0" skipped="0" tests="23" time="2.808" timestamp="2026-08-13T11:23:03.598418+00:00" hostname="agent-env-a80c66dc-92ec-44fd-9b40-2b519aff1d8f"><testcase classname="tests.backend_test.TestPublic" name="test_root" time="0.501" /><testcase classname="tests.backend_test.TestAuth" name="test_login_success" time="0.503" /><testcase classname="tests.backend_test.TestPublic" name="test_settings" time="0.052" /><testcase classname="tests.backend_test.TestPublic" name="test_packages" time="0.234" /><testcase classname="tests.backend_test.TestPublic" name="test_package_detail" time="0.106" /><testcase classname="tests.backend_test.TestAuth" name="test_me_with_bearer" time="0.345" /><testcase classname="tests.backend_test.TestAuth" name="test_me_without_token" time="0.110" /><testcase classname="tests.backend_test.TestPublic" name="test_destinations_by_state" time="0.055" /><testcase classname="tests.backend_test.TestPublic" name="test_experiences" time="0.055" /><testcase classname="tests.backend_test.TestAuth" name="test_admin_endpoint_requires_auth" time="0.123" /><testcase classname="tests.backend_test.TestPublic" name="test_gallery" time="0.053" /><testcase classname="tests.backend_test.TestPublic" name="test_testimonials" time="0.057" /><testcase classname="tests.backend_test.TestAuth" name="test_login_wrong_password" time="0.404" /><testcase classname="tests.backend_test.TestPublic" name="test_blog_12_posts" time="0.066" /><testcase classname="tests.backend_test.TestPublic" name="test_blog_detail" time="0.297" /><testcase classname="tests.backend_test.TestPublic" name="test_about" time="0.058" /><testcase classname="tests.backend_test.TestEnquiries" name="test_create_enquiry_and_admin_view" time="0.575" /><testcase classname="tests.backend_test.TestPublic" name="test_why_us" time="0.110" /><testcase classname="tests.backend_test.TestSeo" name="test_sitemap" time="0.069" /><testcase classname="tests.backend_test.TestSeo" name="test_robots" time="0.053" /><testcase classname="tests.backend_test.TestAdminCrud" name="test_gallery_crud" time="0.505" /><testcase classname="tests.backend_test.TestEnquiries" name="test_enquiry_validation_missing_name" time="0.058" /><testcase classname="tests.backend_test.TestEnquiries" name="test_enquiry_invalid_phone" time="0.058" /></testsuite></testsuites>